<?xml version="1.0" encoding="UTF-8"?>
<!-- Generated by org.testng.reporters.JUnitReportReporter -->
<testsuite hostname="Rohit" failures="0" tests="1" name="package1.ProductsTest" time="0.029" errors="0" timestamp="2024-08-17T08:59:29 IST" skipped="0">
  <testcase classname="package1.ProductsTest" name="createProductsTest" time="0.029"/>
  <system-out/>
</testsuite> <!-- package1.ProductsTest -->
