<?xml version="1.0" encoding="UTF-8"?>
<!-- Generated by org.testng.reporters.JUnitReportReporter -->
<testsuite hostname="Rohit" failures="0" tests="1" name="package2.OppTest" time="0.038" errors="0" timestamp="2024-08-17T08:59:10 IST" skipped="0">
  <testcase classname="package2.OppTest" name="createOppTest" time="0.038"/>
  <system-out/>
</testsuite> <!-- package2.OppTest -->
